Using pre-set license
Built from '2020.3/staging' branch; Version is '2020.3.13f1 (71691879b7f5) revision 7432472'; Using compiler version '192528614'; Build Type 'Release'
OS: 'Windows 10 Pro; OS build 19041.1; Version 2004; 64bit' Language: 'es' Physical Memory: 32710 MB
BatchMode: 1, IsHumanControllingUs: 0, StartBugReporterOnCrash: 0, Is64bit: 1, IsPro: 0

 COMMAND LINE ARGUMENTS:
D:\sofware\Editor\Unity.exe
-adb2
-batchMode
-noUpm
-name
AssetImportWorker0
-projectPath
C:/Users/galindo/Documents/GitHub/Jam2021/My project (2)
-logFile
Logs/AssetImportWorker0.log
-srvPort
58905
Successfully changed project path to: C:/Users/galindo/Documents/GitHub/Jam2021/My project (2)
C:/Users/galindo/Documents/GitHub/Jam2021/My project (2)
Using Asset Import Pipeline V2.
Refreshing native plugins compatible for Editor in 40.48 ms, found 3 plugins.
Preloading 0 native plugins for Editor in 0.00 ms.
Initialize engine version: 2020.3.13f1 (71691879b7f5)
[Subsystems] Discovering subsystems at path D:/sofware/Editor/Data/Resources/UnitySubsystems
[Subsystems] Discovering subsystems at path C:/Users/galindo/Documents/GitHub/Jam2021/My project (2)/Assets
GfxDevice: creating device client; threaded=0
Direct3D:
    Version:  Direct3D 11.0 [level 11.1]
    Renderer: NVIDIA GeForce GTX 970 (ID=0x13c2)
    Vendor:   
    VRAM:     4043 MB
    Driver:   27.21.14.5671
Initialize mono
Mono path[0] = 'D:/sofware/Editor/Data/Managed'
Mono path[1] = 'D:/sofware/Editor/Data/MonoBleedingEdge/lib/mono/unityjit'
Mono config path = 'D:/sofware/Editor/Data/MonoBleedingEdge/etc'
Using monoOptions --debugger-agent=transport=dt_socket,embedding=1,server=y,suspend=n,address=127.0.0.1:56300
Begin MonoManager ReloadAssembly
Registering precompiled unity dll's ...
Register platform support module: D:/sofware/Editor/Data/PlaybackEngines/WindowsStandaloneSupport/UnityEditor.WindowsStandalone.Extensions.dll
Registered in 0.000994 seconds.
Native extension for WindowsStandalone target not found
Refreshing native plugins compatible for Editor in 39.76 ms, found 3 plugins.
Preloading 0 native plugins for Editor in 0.00 ms.
Mono: successfully reloaded assembly
- Completed reload, in  1.158 seconds
Platform modules already initialized, skipping
Registering precompiled user dll's ...
Registered in 0.009113 seconds.
Begin MonoManager ReloadAssembly
Native extension for WindowsStandalone target not found
Refreshing native plugins compatible for Editor in 44.46 ms, found 3 plugins.
Preloading 0 native plugins for Editor in 0.00 ms.
Mono: successfully reloaded assembly
- Completed reload, in  1.261 seconds
Platform modules already initialized, skipping
========================================================================
Worker process is ready to serve import requests
Launched and connected shader compiler UnityShaderCompiler.exe after 0.05 seconds
Refreshing native plugins compatible for Editor in 0.67 ms, found 3 plugins.
Preloading 0 native plugins for Editor in 0.00 ms.
Unloading 2148 Unused Serialized files (Serialized files now loaded: 0)
System memory in use before: 95.0 MB.
System memory in use after: 95.0 MB.

Unloading 28 unused Assets to reduce memory usage. Loaded Objects now: 2586.
Total: 3.279400 ms (FindLiveObjects: 0.214100 ms CreateObjectMapping: 0.085500 ms MarkObjects: 2.894500 ms  DeleteObjects: 0.084100 ms)

AssetImportParameters requested are different than current active one (requested -> active):
  custom:framework-win-MediaFoundation: 216162199b28c13a410421893ffa2e32 -> 
  custom:video-decoder-ogg-theora: a1e56fd34408186e4bbccfd4996cb3dc -> 
  custom:container-muxer-webm: aa71ff27fc2769a1b78a27578f13a17b -> 
  custom:container-demuxer-webm: 4f35f7cbe854078d1ac9338744f61a02 -> 
  custom:container-demuxer-ogg: 62fdf1f143b41e24485cea50d1cbac27 -> 
  custom:video-encoder-webm-vp8: eb34c28f22e8b96e1ab97ce403110664 -> 
  custom:video-decoder-webm-vp8: 9c59270c3fd7afecdb556c50c9e8de78 -> 
  custom:audio-decoder-ogg-vorbis: bf7c407c2cedff20999df2af8eb42d56 -> 
  custom:audio-encoder-webm-vorbis: bf7c407c2cedff20999df2af8eb42d56 -> 
========================================================================
Received Import Request.
  path: Assets/Escenario
  artifactKey: Guid(2718898744554a241aaac1685629a33d) Importer(815301076,1909f56bfc062723c751e8b465ee728b)
Start importing Assets/Escenario using Guid(2718898744554a241aaac1685629a33d) Importer(815301076,1909f56bfc062723c751e8b465ee728b)  -> (artifact id: '7baf1e0ba1d51dc88cb7f19f50d5268f') in 0.012894 seconds 
  Import took 0.020215 seconds .

========================================================================
Received Import Request.
  Time since last request: 33.084058 seconds.
  path: Assets/Escenario/barrilFinal.png
  artifactKey: Guid(85739937a1abea6488deea2a6ffcd4dc) Importer(815301076,1909f56bfc062723c751e8b465ee728b)
Start importing Assets/Escenario/barrilFinal.png using Guid(85739937a1abea6488deea2a6ffcd4dc) Importer(815301076,1909f56bfc062723c751e8b465ee728b)  -> (artifact id: '810767d41e1e84e502adfdcf90539e91') in 0.167488 seconds 
  Import took 0.171412 seconds .

========================================================================
Received Import Request.
  Time since last request: 0.000194 seconds.
  path: Assets/Escenario/yunquefinal.png
  artifactKey: Guid(786df9df6d368bc489a4c93ac3e22182) Importer(815301076,1909f56bfc062723c751e8b465ee728b)
Start importing Assets/Escenario/yunquefinal.png using Guid(786df9df6d368bc489a4c93ac3e22182) Importer(815301076,1909f56bfc062723c751e8b465ee728b)  -> (artifact id: 'e48eabbc50aa958ffb88571c6acd4b02') in 0.024971 seconds 
  Import took 0.028690 seconds .

========================================================================
Received Import Request.
  Time since last request: 0.000207 seconds.
  path: Assets/Escenario/forja.png
  artifactKey: Guid(3106f3a271c1a1f42b526969f912babe) Importer(815301076,1909f56bfc062723c751e8b465ee728b)
Start importing Assets/Escenario/forja.png using Guid(3106f3a271c1a1f42b526969f912babe) Importer(815301076,1909f56bfc062723c751e8b465ee728b)  -> (artifact id: '23f1f449486daed055ef832f431d48db') in 0.018505 seconds 
  Import took 0.021832 seconds .

========================================================================
Received Import Request.
  Time since last request: 0.000223 seconds.
  path: Assets/Escenario/techoHorno.png
  artifactKey: Guid(aad699c8d4579484fb833b3a12735e1b) Importer(815301076,1909f56bfc062723c751e8b465ee728b)
Start importing Assets/Escenario/techoHorno.png using Guid(aad699c8d4579484fb833b3a12735e1b) Importer(815301076,1909f56bfc062723c751e8b465ee728b)  -> (artifact id: '5ce714bc520ad3b4353f1ce8e1bfb921') in 0.041094 seconds 
  Import took 0.044207 seconds .

========================================================================
Received Prepare
Registering precompiled user dll's ...
Registered in 0.008989 seconds.
Begin MonoManager ReloadAssembly
Native extension for WindowsStandalone target not found
Refreshing native plugins compatible for Editor in 0.83 ms, found 3 plugins.
Preloading 0 native plugins for Editor in 0.00 ms.
Mono: successfully reloaded assembly
- Completed reload, in  1.549 seconds
Platform modules already initialized, skipping
Refreshing native plugins compatible for Editor in 0.46 ms, found 3 plugins.
Preloading 0 native plugins for Editor in 0.00 ms.
Unloading 2138 Unused Serialized files (Serialized files now loaded: 0)
System memory in use before: 97.4 MB.
System memory in use after: 97.5 MB.

Unloading 16 unused Assets to reduce memory usage. Loaded Objects now: 2599.
Total: 2.242100 ms (FindLiveObjects: 0.238200 ms CreateObjectMapping: 0.072500 ms MarkObjects: 1.894700 ms  DeleteObjects: 0.035500 ms)

AssetImportParameters requested are different than current active one (requested -> active):
  custom:framework-win-MediaFoundation: 216162199b28c13a410421893ffa2e32 -> 
  custom:video-decoder-ogg-theora: a1e56fd34408186e4bbccfd4996cb3dc -> 
  custom:container-muxer-webm: aa71ff27fc2769a1b78a27578f13a17b -> 
  custom:container-demuxer-webm: 4f35f7cbe854078d1ac9338744f61a02 -> 
  custom:container-demuxer-ogg: 62fdf1f143b41e24485cea50d1cbac27 -> 
  custom:video-encoder-webm-vp8: eb34c28f22e8b96e1ab97ce403110664 -> 
  custom:video-decoder-webm-vp8: 9c59270c3fd7afecdb556c50c9e8de78 -> 
  custom:audio-decoder-ogg-vorbis: bf7c407c2cedff20999df2af8eb42d56 -> 
  custom:audio-encoder-webm-vorbis: bf7c407c2cedff20999df2af8eb42d56 -> 
AssetImportWorkerClient::OnTransportError - code=2 error=End of file
